<?xml version="1.0" encoding="UTF-8"?>
<!-- Generated by org.testng.reporters.JUnitReportReporter -->
<testsuite hostname="LAPTOP-FN3URP3M" failures="0" tests="2" name="testRunner.L0Runner$CucumberRunnerTests" time="32.649" errors="2" timestamp="2024-08-09T02:30:25 IST" skipped="0">
  <testcase classname="testRunner.L0Runner$CucumberRunnerTests" name="runScenario" time="16.140">
    <error message="Expected condition failed: waiting for framework.Z$1@2e0fd79f (tried for 12 second(s) with 1000 milliseconds interval)
Build info: version: &#039;4.20.0&#039;, revision: &#039;866c76ca80&#039;
System info: os.name: &#039;Windows 11&#039;, os.arch: &#039;amd64&#039;, os.version: &#039;10.0&#039;, java.version: &#039;21.0.4&#039;
Driver info: driver.version: unknown" type="org.openqa.selenium.TimeoutException">
      <![CDATA[org.openqa.selenium.TimeoutException: Expected condition failed: waiting for framework.Z$1@2e0fd79f (tried for 12 second(s) with 1000 milliseconds interval)
Build info: version: '4.20.0', revision: '866c76ca80'
System info: os.name: 'Windows 11', os.arch: 'amd64', os.version: '10.0', java.version: '21.0.4'
Driver info: driver.version: unknown
at org.openqa.selenium.support.ui.FluentWait.timeoutException(FluentWait.java:265)
at org.openqa.selenium.support.ui.FluentWait.until(FluentWait.java:228)
at framework.Z.waitForWebelement(Z.java:32)
at framework.Z.click(Z.java:45)
at stepDefination.LoginStepImpl.i_am_google_page(LoginStepImpl.java:25)
at ✽.I am google page(file:///C:/Users/ANAND%20KUMAR/eclipse-workspace/Ui_Automation/src/test/java/features/Login.feature:10)
]]>
    </error>
  </testcase> <!-- runScenario -->
  <testcase classname="testRunner.L0Runner$CucumberRunnerTests" name="runScenario" time="16.509">
    <error message="Expected condition failed: waiting for framework.Z$1@5386333f (tried for 12 second(s) with 1000 milliseconds interval)
Build info: version: &#039;4.20.0&#039;, revision: &#039;866c76ca80&#039;
System info: os.name: &#039;Windows 11&#039;, os.arch: &#039;amd64&#039;, os.version: &#039;10.0&#039;, java.version: &#039;21.0.4&#039;
Driver info: driver.version: unknown" type="org.openqa.selenium.TimeoutException">
      <![CDATA[org.openqa.selenium.TimeoutException: Expected condition failed: waiting for framework.Z$1@5386333f (tried for 12 second(s) with 1000 milliseconds interval)
Build info: version: '4.20.0', revision: '866c76ca80'
System info: os.name: 'Windows 11', os.arch: 'amd64', os.version: '10.0', java.version: '21.0.4'
Driver info: driver.version: unknown
at org.openqa.selenium.support.ui.FluentWait.timeoutException(FluentWait.java:265)
at org.openqa.selenium.support.ui.FluentWait.until(FluentWait.java:228)
at framework.Z.waitForWebelement(Z.java:32)
at framework.Z.click(Z.java:45)
at stepDefination.LoginStepImpl.i_am_google_page(LoginStepImpl.java:25)
at ✽.I am google page(file:///C:/Users/ANAND%20KUMAR/eclipse-workspace/Ui_Automation/src/test/java/features/Login.feature:10)
]]>
    </error>
  </testcase> <!-- runScenario -->
</testsuite> <!-- testRunner.L0Runner$CucumberRunnerTests -->
